<?xml version="1.0" encoding="UTF-8"?>
<!-- Generated by org.testng.reporters.JUnitReportReporter -->
<testsuite hostname="DESKTOP-P1NO4D4" failures="0" tests="3" name="HomePage.LoginSignUpFunctionality" time="41.361" errors="0" timestamp="2024-11-11T15:58:35 IST" skipped="0">
  <testcase classname="HomePage.LoginSignUpFunctionality" name="Login" time="16.277"/>
  <system-out/>
  <testcase classname="HomePage.LoginSignUpFunctionality" name="invalidcredentials" time="11.643"/>
  <system-out/>
  <testcase classname="HomePage.LoginSignUpFunctionality" name="logout" time="13.441"/>
  <system-out/>
</testsuite> <!-- HomePage.LoginSignUpFunctionality -->
